FILE_TYPE=LIBRARY_PARTS;
PRIMITIVE 'AMCA31_2R450G_S1F_T3';
  PIN
    'FEED':
      PIN_NUMBER='(1)';
      NO_LOAD_CHECK=BOTH;
      NO_IO_CHECK=BOTH;
      ALLOW_CONNECT=TRUE;
      PINUSE='INPUT';
    'NC':
      PIN_NUMBER='(2)';
      NO_LOAD_CHECK=BOTH;
      NO_IO_CHECK=BOTH;
      ALLOW_CONNECT=TRUE;
      PINUSE='NC';
  END_PIN;
  BODY
    PART_NAME='AMCA31_2R450G_S1F_T3';
    PHYS_DES_PREFIX='ANT';
    NO_LOAD_CHECK='TRUE';
    PIN_COUNT='2';
    BODY_NAME='AMCA31_2R450G_S1F_T3';
    JEDEC_TYPE='ANTC3216X140N';
  END_BODY;
END_PRIMITIVE;
END.
