PCAD Importer Log
Project : CHP0603K9532DNT.LibPkg

Section : C:\1234\PCB drone project\Altium PCB Drone\MainBoard\CHP0603K9532DNT\CHP0603K9532DNT.lia
    Section : PCB Library - CHP0603K9532DNT.PcbLib
        Section : Load Messages
            Warning - 1 : Skipping Token CHP0603K9532DNT On Line 136
            Warning - 1 : Skipping Token attachedSymbol On Line 187
        EndSection

        Section : Import Messages
        EndSection
    EndSection

    Section : SCH Library - CHP0603K9532DNT.SchLib
        Section : Parsing Messages
            Warning - 1 : Skipping Token padStyleDef On Line 9
            Warning - 1 : Skipping Token multiLayer On Line 84
            Warning - 1 : Skipping Token layerContents On Line 88
            Warning - 1 : Skipping Token layerContents On Line 106
            Warning - 1 : Skipping Token layerContents On Line 112
            Warning - 1 : Skipping Token layerContents On Line 130
        EndSection

        Section : Generating SCH Library - CHP0603K9532DNT.SchLib
        EndSection
    EndSection
EndSection
